<?xml version="1.0" encoding="UTF-8"?>
<coverage generated="1416817483">
  <project timestamp="1416817483">
    <file name="/var/www/html/login-and-db/src/User.php">
      <class name="User" namespace="global">
        <metrics methods="10" coveredmethods="10" conditionals="0" coveredconditionals="0" statements="58" coveredstatements="58" elements="68" coveredelements="68"/>
      </class>
      <line num="20" type="method" name="__construct" crap="4" count="13"/>
      <line num="22" type="stmt" count="13"/>
      <line num="24" type="stmt" count="13"/>
      <line num="27" type="stmt" count="13"/>
      <line num="28" type="stmt" count="1"/>
      <line num="30" type="stmt" count="1"/>
      <line num="31" type="stmt" count="1"/>
      <line num="32" type="stmt" count="1"/>
      <line num="33" type="stmt" count="1"/>
      <line num="35" type="stmt" count="1"/>
      <line num="36" type="stmt" count="13"/>
      <line num="37" type="stmt" count="1"/>
      <line num="39" type="stmt" count="13"/>
      <line num="46" type="method" name="find" crap="3" count="6"/>
      <line num="48" type="stmt" count="6"/>
      <line num="49" type="stmt" count="6"/>
      <line num="51" type="stmt" count="6"/>
      <line num="53" type="stmt" count="6"/>
      <line num="54" type="stmt" count="6"/>
      <line num="55" type="stmt" count="6"/>
      <line num="57" type="stmt" count="3"/>
      <line num="68" type="method" name="create" crap="2" count="3"/>
      <line num="70" type="stmt" count="3"/>
      <line num="71" type="stmt" count="3"/>
      <line num="72" type="stmt" count="3"/>
      <line num="81" type="method" name="login" crap="8" count="5"/>
      <line num="87" type="stmt" count="5"/>
      <line num="89" type="stmt" count="1"/>
      <line num="90" type="stmt" count="1"/>
      <line num="92" type="stmt" count="1"/>
      <line num="93" type="stmt" count="1"/>
      <line num="94" type="stmt" count="1"/>
      <line num="97" type="stmt" count="4"/>
      <line num="99" type="stmt" count="3"/>
      <line num="101" type="stmt" count="3"/>
      <line num="103" type="stmt" count="3"/>
      <line num="104" type="stmt" count="3"/>
      <line num="106" type="stmt" count="3"/>
      <line num="108" type="stmt" count="3"/>
      <line num="109" type="stmt" count="3"/>
      <line num="110" type="stmt" count="3"/>
      <line num="111" type="stmt" count="3"/>
      <line num="114" type="stmt" count="1"/>
      <line num="115" type="stmt" count="1"/>
      <line num="119" type="stmt" count="1"/>
      <line num="123" type="stmt" count="1"/>
      <line num="130" type="method" name="exists" crap="1" count="2"/>
      <line num="132" type="stmt" count="2"/>
      <line num="138" type="method" name="logout" crap="1" count="4"/>
      <line num="140" type="stmt" count="4"/>
      <line num="141" type="stmt" count="4"/>
      <line num="142" type="stmt" count="4"/>
      <line num="143" type="stmt" count="4"/>
      <line num="151" type="method" name="update" crap="6" count="3"/>
      <line num="153" type="stmt" count="3"/>
      <line num="154" type="stmt" count="1"/>
      <line num="155" type="stmt" count="1"/>
      <line num="156" type="stmt" count="2"/>
      <line num="157" type="stmt" count="1"/>
      <line num="160" type="stmt" count="2"/>
      <line num="161" type="stmt" count="2"/>
      <line num="162" type="stmt" count="2"/>
      <line num="167" type="method" name="getData" crap="1" count="7"/>
      <line num="169" type="stmt" count="7"/>
      <line num="175" type="method" name="getIsLoggedIn" crap="1" count="9"/>
      <line num="177" type="stmt" count="9"/>
      <line num="183" type="method" name="getDb" crap="1" count="1"/>
      <line num="185" type="stmt" count="1"/>
      <metrics loc="186" ncloc="123" classes="1" methods="10" coveredmethods="10" conditionals="0" coveredconditionals="0" statements="58" coveredstatements="58" elements="68" coveredelements="68"/>
    </file>
    <metrics files="1" loc="186" ncloc="123" classes="1" methods="10" coveredmethods="10" conditionals="0" coveredconditionals="0" statements="58" coveredstatements="58" elements="68" coveredelements="68"/>
  </project>
</coverage>
