<?xml version="1.0" encoding="UTF-8"?>
<coverage generated="1421573228">
  <project timestamp="1421573228">
    <file name="/var/www/html/user-management/src/DB.php">
      <class name="DB" namespace="global">
        <metrics methods="16" coveredmethods="13" conditionals="0" coveredconditionals="0" statements="92" coveredstatements="83" elements="108" coveredelements="96"/>
      </class>
      <line num="27" type="method" name="__construct" crap="6" count="0"/>
      <line num="30" type="stmt" count="0"/>
      <line num="31" type="stmt" count="0"/>
      <line num="32" type="stmt" count="0"/>
      <line num="34" type="stmt" count="0"/>
      <line num="39" type="method" name="instance" crap="2.50" count="48"/>
      <line num="41" type="stmt" count="48"/>
      <line num="42" type="stmt" count="0"/>
      <line num="43" type="stmt" count="0"/>
      <line num="45" type="stmt" count="48"/>
      <line num="54" type="method" name="query" crap="9" count="36"/>
      <line num="56" type="stmt" count="36"/>
      <line num="57" type="stmt" count="36"/>
      <line num="59" type="stmt" count="36"/>
      <line num="61" type="stmt" count="36"/>
      <line num="62" type="stmt" count="36"/>
      <line num="63" type="stmt" count="36"/>
      <line num="64" type="stmt" count="36"/>
      <line num="65" type="stmt" count="36"/>
      <line num="66" type="stmt" count="2"/>
      <line num="67" type="stmt" count="2"/>
      <line num="68" type="stmt" count="2"/>
      <line num="69" type="stmt" count="2"/>
      <line num="70" type="stmt" count="2"/>
      <line num="72" type="stmt" count="34"/>
      <line num="73" type="stmt" count="34"/>
      <line num="75" type="stmt" count="36"/>
      <line num="76" type="stmt" count="36"/>
      <line num="78" type="stmt" count="36"/>
      <line num="79" type="stmt" count="35"/>
      <line num="80" type="stmt" count="35"/>
      <line num="81" type="stmt" count="35"/>
      <line num="82" type="stmt" count="1"/>
      <line num="83" type="stmt" count="1"/>
      <line num="86" type="stmt" count="36"/>
      <line num="88" type="stmt" count="36"/>
      <line num="102" type="method" name="action" crap="7" count="31"/>
      <line num="104" type="stmt" count="31"/>
      <line num="106" type="stmt" count="31"/>
      <line num="107" type="stmt" count="31"/>
      <line num="109" type="stmt" count="30"/>
      <line num="110" type="stmt" count="30"/>
      <line num="111" type="stmt" count="30"/>
      <line num="113" type="stmt" count="30"/>
      <line num="114" type="stmt" count="30"/>
      <line num="116" type="stmt" count="29"/>
      <line num="117" type="stmt" count="29"/>
      <line num="119" type="stmt" count="28"/>
      <line num="120" type="stmt" count="2"/>
      <line num="121" type="stmt" count="2"/>
      <line num="122" type="stmt" count="2"/>
      <line num="124" type="stmt" count="26"/>
      <line num="127" type="stmt" count="28"/>
      <line num="129" type="stmt" count="28"/>
      <line num="144" type="method" name="get" crap="1" count="25"/>
      <line num="146" type="stmt" count="25"/>
      <line num="160" type="method" name="delete" crap="1" count="18"/>
      <line num="162" type="stmt" count="18"/>
      <line num="177" type="method" name="insert" crap="3" count="8"/>
      <line num="179" type="stmt" count="8"/>
      <line num="180" type="stmt" count="8"/>
      <line num="182" type="stmt" count="7"/>
      <line num="183" type="stmt" count="7"/>
      <line num="185" type="stmt" count="7"/>
      <line num="187" type="stmt" count="7"/>
      <line num="189" type="stmt" count="7"/>
      <line num="204" type="method" name="update" crap="3" count="3"/>
      <line num="206" type="stmt" count="3"/>
      <line num="207" type="stmt" count="3"/>
      <line num="209" type="stmt" count="3"/>
      <line num="210" type="stmt" count="3"/>
      <line num="211" type="stmt" count="3"/>
      <line num="212" type="stmt" count="3"/>
      <line num="213" type="stmt" count="3"/>
      <line num="214" type="stmt" count="3"/>
      <line num="215" type="stmt" count="3"/>
      <line num="217" type="stmt" count="3"/>
      <line num="219" type="stmt" count="3"/>
      <line num="221" type="stmt" count="3"/>
      <line num="237" type="method" name="getCustom" crap="1" count="4"/>
      <line num="239" type="stmt" count="4"/>
      <line num="241" type="stmt" count="4"/>
      <line num="243" type="stmt" count="4"/>
      <line num="245" type="stmt" count="4"/>
      <line num="251" type="method" name="results" crap="1" count="25"/>
      <line num="253" type="stmt" count="25"/>
      <line num="259" type="method" name="first" crap="4.32" count="22"/>
      <line num="261" type="stmt" count="22"/>
      <line num="263" type="stmt" count="22"/>
      <line num="264" type="stmt" count="1"/>
      <line num="265" type="stmt" count="1"/>
      <line num="266" type="stmt" count="21"/>
      <line num="267" type="stmt" count="21"/>
      <line num="268" type="stmt" count="21"/>
      <line num="269" type="stmt" count="0"/>
      <line num="270" type="stmt" count="0"/>
      <line num="271" type="stmt" count="0"/>
      <line num="273" type="stmt" count="22"/>
      <line num="279" type="method" name="count" crap="1" count="24"/>
      <line num="281" type="stmt" count="24"/>
      <line num="287" type="method" name="getError" crap="1" count="1"/>
      <line num="289" type="stmt" count="1"/>
      <line num="295" type="method" name="fails" crap="1" count="11"/>
      <line num="297" type="stmt" count="11"/>
      <line num="303" type="method" name="passes" crap="1" count="35"/>
      <line num="305" type="stmt" count="35"/>
      <line num="311" type="method" name="errorInfo" crap="1" count="1"/>
      <line num="313" type="stmt" count="1"/>
      <metrics loc="315" ncloc="195" classes="1" methods="16" coveredmethods="13" conditionals="0" coveredconditionals="0" statements="92" coveredstatements="83" elements="108" coveredelements="96"/>
    </file>
    <file name="/var/www/html/user-management/src/User.php">
      <class name="User" namespace="global">
        <metrics methods="14" coveredmethods="12" conditionals="0" coveredconditionals="0" statements="134" coveredstatements="130" elements="148" coveredelements="142"/>
      </class>
      <line num="53" type="method" name="__construct" crap="4" count="23"/>
      <line num="55" type="stmt" count="23"/>
      <line num="57" type="stmt" count="23"/>
      <line num="60" type="stmt" count="23"/>
      <line num="61" type="stmt" count="2"/>
      <line num="63" type="stmt" count="2"/>
      <line num="64" type="stmt" count="2"/>
      <line num="65" type="stmt" count="2"/>
      <line num="66" type="stmt" count="1"/>
      <line num="68" type="stmt" count="2"/>
      <line num="69" type="stmt" count="23"/>
      <line num="70" type="stmt" count="1"/>
      <line num="72" type="stmt" count="23"/>
      <line num="78" type="method" name="find" crap="4" count="13"/>
      <line num="80" type="stmt" count="13"/>
      <line num="81" type="stmt" count="13"/>
      <line num="83" type="stmt" count="13"/>
      <line num="85" type="stmt" count="13"/>
      <line num="86" type="stmt" count="13"/>
      <line num="87" type="stmt" count="13"/>
      <line num="89" type="stmt" count="3"/>
      <line num="102" type="method" name="create" crap="2" count="3"/>
      <line num="104" type="stmt" count="3"/>
      <line num="106" type="stmt" count="3"/>
      <line num="108" type="stmt" count="3"/>
      <line num="119" type="method" name="login" crap="11" count="12"/>
      <line num="121" type="stmt" count="12"/>
      <line num="122" type="stmt" count="12"/>
      <line num="125" type="stmt" count="12"/>
      <line num="128" type="stmt" count="1"/>
      <line num="129" type="stmt" count="1"/>
      <line num="132" type="stmt" count="1"/>
      <line num="133" type="stmt" count="1"/>
      <line num="134" type="stmt" count="1"/>
      <line num="135" type="stmt" count="1"/>
      <line num="138" type="stmt" count="11"/>
      <line num="140" type="stmt" count="10"/>
      <line num="142" type="stmt" count="10"/>
      <line num="145" type="stmt" count="10"/>
      <line num="147" type="stmt" count="10"/>
      <line num="148" type="stmt" count="1"/>
      <line num="151" type="stmt" count="1"/>
      <line num="153" type="stmt" count="1"/>
      <line num="154" type="stmt" count="1"/>
      <line num="155" type="stmt" count="1"/>
      <line num="157" type="stmt" count="1"/>
      <line num="158" type="stmt" count="1"/>
      <line num="159" type="stmt" count="1"/>
      <line num="161" type="stmt" count="0"/>
      <line num="162" type="stmt" count="1"/>
      <line num="164" type="stmt" count="10"/>
      <line num="165" type="stmt" count="10"/>
      <line num="168" type="stmt" count="10"/>
      <line num="171" type="stmt" count="9"/>
      <line num="173" type="stmt" count="9"/>
      <line num="174" type="stmt" count="9"/>
      <line num="175" type="stmt" count="9"/>
      <line num="176" type="stmt" count="9"/>
      <line num="177" type="stmt" count="9"/>
      <line num="180" type="stmt" count="2"/>
      <line num="183" type="stmt" count="2"/>
      <line num="184" type="stmt" count="2"/>
      <line num="188" type="stmt" count="2"/>
      <line num="189" type="stmt" count="2"/>
      <line num="193" type="stmt" count="1"/>
      <line num="197" type="stmt" count="1"/>
      <line num="200" type="stmt" count="11"/>
      <line num="207" type="method" name="exists" crap="1" count="2"/>
      <line num="209" type="stmt" count="2"/>
      <line num="215" type="method" name="logout" crap="1" count="4"/>
      <line num="217" type="stmt" count="4"/>
      <line num="219" type="stmt" count="4"/>
      <line num="220" type="stmt" count="4"/>
      <line num="221" type="stmt" count="4"/>
      <line num="222" type="stmt" count="4"/>
      <line num="230" type="method" name="update" crap="6" count="3"/>
      <line num="232" type="stmt" count="3"/>
      <line num="233" type="stmt" count="1"/>
      <line num="234" type="stmt" count="1"/>
      <line num="235" type="stmt" count="2"/>
      <line num="236" type="stmt" count="1"/>
      <line num="240" type="stmt" count="2"/>
      <line num="241" type="stmt" count="2"/>
      <line num="242" type="stmt" count="2"/>
      <line num="247" type="method" name="getData" crap="1" count="14"/>
      <line num="249" type="stmt" count="14"/>
      <line num="255" type="method" name="isLoggedIn" crap="1" count="18"/>
      <line num="257" type="stmt" count="18"/>
      <line num="263" type="method" name="getDb" crap="1" count="1"/>
      <line num="265" type="stmt" count="1"/>
      <line num="271" type="method" name="rememberUserInDb" crap="4" count="9"/>
      <line num="273" type="stmt" count="9"/>
      <line num="275" type="stmt" count="2"/>
      <line num="277" type="stmt" count="2"/>
      <line num="280" type="stmt" count="2"/>
      <line num="282" type="stmt" count="2"/>
      <line num="283" type="stmt" count="2"/>
      <line num="284" type="stmt" count="2"/>
      <line num="285" type="stmt" count="2"/>
      <line num="286" type="stmt" count="2"/>
      <line num="287" type="stmt" count="2"/>
      <line num="289" type="stmt" count="2"/>
      <line num="290" type="stmt" count="1"/>
      <line num="293" type="stmt" count="2"/>
      <line num="294" type="stmt" count="2"/>
      <line num="295" type="stmt" count="2"/>
      <line num="296" type="stmt" count="9"/>
      <line num="301" type="method" name="recallUser" crap="6.29" count="1"/>
      <line num="304" type="stmt" count="1"/>
      <line num="306" type="stmt" count="1"/>
      <line num="308" type="stmt" count="1"/>
      <line num="310" type="stmt" count="1"/>
      <line num="312" type="stmt" count="1"/>
      <line num="314" type="stmt" count="1"/>
      <line num="317" type="stmt" count="1"/>
      <line num="318" type="stmt" count="1"/>
      <line num="319" type="stmt" count="1"/>
      <line num="320" type="stmt" count="1"/>
      <line num="323" type="stmt" count="0"/>
      <line num="324" type="stmt" count="0"/>
      <line num="325" type="stmt" count="0"/>
      <line num="327" type="stmt" count="1"/>
      <line num="328" type="stmt" count="1"/>
      <line num="335" type="method" name="isAllowedTo" crap="7" count="3"/>
      <line num="337" type="stmt" count="3"/>
      <line num="338" type="stmt" count="3"/>
      <line num="340" type="stmt" count="2"/>
      <line num="341" type="stmt" count="2"/>
      <line num="343" type="stmt" count="1"/>
      <line num="346" type="stmt" count="1"/>
      <line num="348" type="stmt" count="1"/>
      <line num="349" type="stmt" count="1"/>
      <line num="351" type="stmt" count="1"/>
      <line num="352" type="stmt" count="1"/>
      <line num="354" type="stmt" count="1"/>
      <line num="356" type="stmt" count="1"/>
      <line num="358" type="stmt" count="1"/>
      <line num="362" type="method" name="isInGroup" crap="6" count="4"/>
      <line num="364" type="stmt" count="4"/>
      <line num="365" type="stmt" count="1"/>
      <line num="368" type="stmt" count="3"/>
      <line num="369" type="stmt" count="1"/>
      <line num="373" type="stmt" count="2"/>
      <line num="375" type="stmt" count="2"/>
      <line num="376" type="stmt" count="2"/>
      <line num="378" type="stmt" count="1"/>
      <line num="379" type="stmt" count="1"/>
      <line num="381" type="stmt" count="1"/>
      <metrics loc="384" ncloc="262" classes="1" methods="14" coveredmethods="12" conditionals="0" coveredconditionals="0" statements="134" coveredstatements="130" elements="148" coveredelements="142"/>
    </file>
    <metrics files="2" loc="699" ncloc="457" classes="2" methods="30" coveredmethods="25" conditionals="0" coveredconditionals="0" statements="226" coveredstatements="213" elements="256" coveredelements="238"/>
  </project>
</coverage>
